\BOOKMARK [2][-]{subsection.0.1}{\376\377\000I\000n\000d\000e\000p\000e\000n\000d\000e\000n\000t\000\040\000C\000o\000n\000s\000u\000l\000t\000i\000n\000g}{}% 1
\BOOKMARK [2][-]{subsection.0.2}{\376\377\000Q\000u\000a\000l\000i\000t\000y\000\040\000E\000v\000a\000l\000u\000a\000t\000i\000o\000n\000\040\000D\000e\000s\000i\000g\000n\000s\000\040\000A\000s\000s\000o\000c\000i\000a\000t\000e\000\040\000C\000o\000n\000s\000u\000l\000t\000a\000n\000t}{}% 2
\BOOKMARK [2][-]{subsection.0.3}{\376\377\000A\000s\000s\000i\000s\000t\000a\000n\000t\000\040\000C\000o\000n\000s\000u\000l\000t\000a\000n\000t}{}% 3
\BOOKMARK [2][-]{subsection.0.4}{\376\377\000C\000l\000e\000m\000s\000o\000n\000\040\000U\000n\000i\000v\000e\000r\000s\000i\000t\000y\000\040\000\040\000G\000r\000a\000d\000u\000a\000t\000e\000\040\000R\000e\000s\000e\000a\000r\000c\000h\000\040\000A\000s\000s\000i\000s\000t\000a\000n\000t}{}% 4
\BOOKMARK [2][-]{subsection.0.5}{\376\377\000P\000r\000o\000f\000e\000s\000s\000i\000o\000n\000a\000l\000\040\000R\000e\000s\000e\000a\000r\000c\000h\000\040\000A\000s\000s\000o\000c\000i\000a\000t\000e}{}% 5
\BOOKMARK [2][-]{subsection.0.9}{\376\377\000P\000o\000s\000t\000g\000r\000a\000d\000u\000a\000t\000e\000\040\000S\000t\000u\000d\000i\000e\000s}{}% 9
\BOOKMARK [2][-]{subsection.0.10}{\376\377\000O\000t\000h\000e\000r\000\040\000T\000r\000a\000i\000n\000i\000n\000g}{}% 10
\BOOKMARK [2][-]{subsection.0.11}{\376\377\000R\000e\000l\000e\000v\000a\000n\000t\000\040\000C\000o\000u\000r\000s\000e\000s}{}% 11
\BOOKMARK [2][-]{subsection.0.12}{\376\377\000P\000r\000o\000g\000r\000a\000m\000m\000i\000n\000g\000\040\000a\000n\000d\000\040\000S\000t\000a\000t\000i\000s\000t\000i\000c\000s}{}% 12
\BOOKMARK [2][-]{subsection.0.13}{\376\377\000P\000r\000o\000f\000e\000s\000s\000i\000o\000n\000a\000l\000\040\000E\000x\000p\000e\000r\000t\000i\000s\000e}{}% 13
\BOOKMARK [2][-]{subsection.0.6}{\376\377\000M\000a\000n\000a\000g\000e\000r}{}% 6
\BOOKMARK [2][-]{subsection.0.7}{\376\377\000P\000r\000o\000j\000e\000c\000t\000\040\000M\000a\000n\000a\000g\000e\000r}{}% 7
\BOOKMARK [2][-]{subsection.0.8}{\376\377\000U\000n\000d\000e\000r\000g\000r\000a\000d\000u\000a\000t\000e\000\040\000R\000e\000s\000e\000a\000r\000c\000h\000\040\000M\000e\000n\000t\000o\000r}{}% 8
\BOOKMARK [2][-]{subsection.0.14}{\376\377\000J\000o\000u\000r\000n\000a\000l\000\040\000A\000r\000t\000i\000c\000l\000e\000s}{}% 14
\BOOKMARK [2][-]{subsection.0.15}{\376\377\000B\000o\000o\000k\000\040\000C\000h\000a\000p\000t\000e\000r\000s}{}% 15
\BOOKMARK [2][-]{subsection.0.16}{\376\377\000C\000o\000n\000f\000e\000r\000e\000n\000c\000e\000\040\000P\000r\000o\000c\000e\000e\000d\000i\000n\000g\000s}{}% 16
\BOOKMARK [2][-]{subsection.0.17}{\376\377\000O\000r\000a\000l\000\040\000P\000r\000e\000s\000e\000n\000t\000a\000t\000i\000o\000n\000s}{}% 17
\BOOKMARK [2][-]{subsection.0.18}{\376\377\000W\000o\000r\000k\000s\000h\000o\000p\000s}{}% 18
\BOOKMARK [2][-]{subsection.0.19}{\376\377\000W\000e\000b\000i\000n\000a\000r\000s}{}% 19
\BOOKMARK [2][-]{subsection.0.20}{\376\377\000P\000o\000s\000t\000e\000r\000\040\000P\000r\000e\000s\000e\000n\000t\000a\000t\000i\000o\000n\000s}{}% 20
